info: Sep-08-2022 18:42:57: 	server running on port 4002
info: Sep-08-2022 19:18:14: 	server running on port 4002
info: Sep-08-2022 19:19:09: 	{}
info: Sep-08-2022 19:19:30: 	server running on port 4002
info: Sep-08-2022 19:19:42: 	{}
error: Sep-08-2022 19:19:42: 	TypeError: poolPromise.execute is not a function
info: Sep-08-2022 19:20:14: 	server running on port 4002
info: Sep-08-2022 19:20:18: 	{}
error: Sep-08-2022 19:20:18: 	TypeError: Cannot read properties of undefined (reading 'isServer')
info: Sep-08-2022 19:21:21: 	server running on port 4002
info: Sep-08-2022 19:21:24: 	{}
error: Sep-08-2022 19:21:24: 	TypeError: Cannot read properties of undefined (reading 'isServer')
info: Sep-08-2022 19:23:22: 	server running on port 4002
info: Sep-08-2022 19:23:25: 	{}
error: Sep-08-2022 19:23:25: 	TypeError: Cannot read properties of undefined (reading 'isServer')
info: Sep-08-2022 19:24:50: 	server running on port 4002
info: Sep-08-2022 19:25:08: 	server running on port 4002
info: Sep-08-2022 19:25:36: 	server running on port 4002
info: Sep-08-2022 19:29:19: 	server running on port 4002
info: Sep-08-2022 19:29:25: 	{}
info: Sep-08-2022 19:30:47: 	{}
info: Sep-08-2022 19:31:44: 	server running on port 4002
info: Sep-08-2022 19:31:49: 	{}
info: Sep-08-2022 19:32:24: 	server running on port 4002
info: Sep-08-2022 19:32:29: 	{}
info: Sep-08-2022 19:41:43: 	server running on port 4002
info: Sep-08-2022 19:41:47: 	{}
info: Sep-08-2022 19:47:50: 	{}
info: Sep-08-2022 19:47:55: 	server running on port 4002
info: Sep-08-2022 19:49:47: 	{"masterName":"assign","id":0,"inputText":"test","recodStatus":1,"addedBy":1}
info: Sep-08-2022 19:52:28: 	server running on port 4002
info: Sep-08-2022 19:52:36: 	{"masterName":"assign","id":0,"inputText":"test","recodStatus":1,"addedBy":1}
info: Sep-08-2022 19:54:40: 	{"masterName":"assign","id":2,"inputText":"test","recodStatus":0,"addedBy":1,"modifiedBy":1}
info: Sep-08-2022 19:55:21: 	{"masterName":"platform","id":0,"inputText":"Facebook","recodStatus":0,"addedBy":1,"modifiedBy":1}
info: Sep-08-2022 19:55:58: 	{"masterName":"platform","id":1,"inputText":"Facebook","recodStatus":1,"addedBy":1,"modifiedBy":1}
info: Sep-08-2022 20:04:25: 	server running on port 4002
info: Sep-08-2022 20:06:58: 	server running on port 4002
info: Sep-08-2022 20:08:51: 	{"id":0,"firstName":"Vikram","lastName":"Jadhav","email":"vikramjadhav515@gmail.com","createdBy":1,"modifiedBy":1}
error: Sep-08-2022 20:08:51: 	Error: Incorrect number of arguments for PROCEDURE cmslms.usp_userMasterUpsert; expected 8, got 6
info: Sep-08-2022 20:10:07: 	{"id":0,"firstName":"Vikram","lastName":"Jadhav","email":"vikramjadhav515@gmail.com","createdBy":1,"modifiedBy":1,"lastActive":"","roleId":0}
error: Sep-08-2022 20:10:07: 	Error: Incorrect number of arguments for PROCEDURE cmslms.usp_userMasterUpsert; expected 8, got 6
info: Sep-08-2022 20:10:59: 	server running on port 4002
info: Sep-08-2022 20:11:01: 	{"id":0,"firstName":"Vikram","lastName":"Jadhav","email":"vikramjadhav515@gmail.com","createdBy":1,"modifiedBy":1,"lastActive":"","roleId":0}
error: Sep-08-2022 20:11:01: 	Error: Incorrect number of arguments for PROCEDURE cmslms.usp_userMasterUpsert; expected 8, got 6
info: Sep-08-2022 20:15:03: 	server running on port 4002
info: Sep-08-2022 20:15:10: 	{"id":0,"firstName":"Vikram","lastName":"Jadhav","email":"vikramjadhav515@gmail.com","createdBy":1,"modifiedBy":1}
error: Sep-08-2022 20:15:10: 	Error: You have an error in your SQL syntax; check the manual that corresponds to your MySQL server version for the right syntax to use near ')' at line 1
info: Sep-08-2022 20:16:01: 	server running on port 4002
info: Sep-08-2022 20:16:10: 	{"id":0,"firstName":"Vikram","lastName":"Jadhav","email":"vikramjadhav515@gmail.com","createdBy":1,"modifiedBy":1}
error: Sep-08-2022 20:16:10: 	Error: You have an error in your SQL syntax; check the manual that corresponds to your MySQL server version for the right syntax to use near ')' at line 1
info: Sep-08-2022 20:17:14: 	{"id":0,"firstName":"Vikram","lastName":"Jadhav","email":"vikramjadhav515@gmail.com","createdBy":1,"modifiedBy":1,"lastActive":"","roleId":0,"updatedBy":null}
error: Sep-08-2022 20:17:14: 	Error: You have an error in your SQL syntax; check the manual that corresponds to your MySQL server version for the right syntax to use near ')' at line 1
info: Sep-08-2022 20:18:21: 	server running on port 4002
info: Sep-08-2022 20:18:25: 	{"id":0,"firstName":"Vikram","lastName":"Jadhav","email":"vikramjadhav515@gmail.com","createdBy":1,"modifiedBy":1,"lastActive":"","roleId":0,"updatedBy":null}
error: Sep-08-2022 20:18:25: 	Error: Unknown column 'undefined0' in 'field list'
info: Sep-08-2022 20:19:23: 	server running on port 4002
info: Sep-08-2022 20:19:27: 	{"id":0,"firstName":"Vikram","lastName":"Jadhav","email":"vikramjadhav515@gmail.com","createdBy":1,"modifiedBy":1,"lastActive":"","roleId":0,"updatedBy":null}
error: Sep-08-2022 20:19:27: 	Error: Unknown column 'undefined0' in 'field list'
info: Sep-08-2022 20:19:57: 	server running on port 4002
info: Sep-08-2022 20:20:00: 	{"id":0,"firstName":"Vikram","lastName":"Jadhav","email":"vikramjadhav515@gmail.com","createdBy":1,"modifiedBy":1,"lastActive":"","roleId":0,"updatedBy":null}
info: Sep-08-2022 20:20:18: 	{"id":0,"firstName":"Vikram","lastName":"Jadhav","email":"vikramjadhav515@gmail.com","createdBy":1,"modifiedBy":1,"lastActive":"","roleId":0}
info: Sep-08-2022 20:20:28: 	{"id":0,"firstName":"Vikram","lastName":"Jadhav","email":"vikramjadhav515@gmail.com","createdBy":1}
info: Sep-08-2022 20:22:23: 	server running on port 4002
info: Sep-08-2022 20:22:25: 	{"id":1,"firstName":"Vikram","lastName":"Jadhav","email":"vikramjadhav515@gmail.com","createdBy":1,"lastActive":"2022-09-08"}
error: Sep-08-2022 20:22:25: 	Error: Unknown column 'id' in 'where clause'
info: Sep-08-2022 20:22:49: 	{"id":1,"firstName":"Vikram","lastName":"Jadhav","email":"vikramjadhav515@gmail.com","createdBy":1,"lastActive":"2022-09-08"}
info: Sep-08-2022 20:24:05: 	{"id":1,"firstName":"Vikram","lastName":"Jadhav","email":"vikramjadhav515@gmail.com","createdBy":1,"lastActive":"2022-09-08 12:55:00"}
info: Sep-10-2022 18:44:43: 	server running on port 4002
info: Sep-10-2022 18:45:58: 	server running on port 4002
info: Sep-10-2022 18:46:41: 	{}
info: Sep-10-2022 18:47:01: 	server running on port 4002
info: Sep-10-2022 18:47:03: 	{}
